2026-05-29T21:17:32.334Z  INFO 1 --- [main] com.structurizr.server.Local             : ***********************************************************************************
2026-05-29T21:17:32.339Z  INFO 1 --- [main] com.structurizr.server.Local             :   _____ _                   _              _          
2026-05-29T21:17:32.340Z  INFO 1 --- [main] com.structurizr.server.Local             :  / ____| |                 | |            (_)         
2026-05-29T21:17:32.340Z  INFO 1 --- [main] com.structurizr.server.Local             : | (___ | |_ _ __ _   _  ___| |_ _   _ _ __ _ _____ __ 
2026-05-29T21:17:32.340Z  INFO 1 --- [main] com.structurizr.server.Local             :  \___ \| __| '__| | | |/ __| __| | | | '__| |_  / '__|
2026-05-29T21:17:32.341Z  INFO 1 --- [main] com.structurizr.server.Local             :  ____) | |_| |  | |_| | (__| |_| |_| | |  | |/ /| |   
2026-05-29T21:17:32.341Z  INFO 1 --- [main] com.structurizr.server.Local             : |_____/ \__|_|   \__,_|\___|\__|\__,_|_|  |_/___|_|   
2026-05-29T21:17:32.341Z  INFO 1 --- [main] com.structurizr.server.Local             :                                                       
2026-05-29T21:17:32.342Z  INFO 1 --- [main] com.structurizr.server.Local             : Local v2026.05.22
2026-05-29T21:17:32.343Z  INFO 1 --- [main] com.structurizr.server.Local             : ***********************************************************************************
2026-05-29T21:17:32.343Z  INFO 1 --- [main] com.structurizr.server.Local             :  - structurizr.authentication: none
2026-05-29T21:17:32.344Z  INFO 1 --- [main] com.structurizr.server.Local             :  - structurizr.autorefreshinterval: 0
2026-05-29T21:17:32.345Z  INFO 1 --- [main] com.structurizr.server.Local             :  - structurizr.autosaveinterval: 5000
2026-05-29T21:17:32.346Z  INFO 1 --- [main] com.structurizr.server.Local             :  - structurizr.cache: none
2026-05-29T21:17:32.346Z  INFO 1 --- [main] com.structurizr.server.Local             :  - structurizr.data: file
2026-05-29T21:17:32.350Z  INFO 1 --- [main] com.structurizr.server.Local             :  - structurizr.datadirectory: /usr/local/structurizr
2026-05-29T21:17:32.350Z  INFO 1 --- [main] com.structurizr.server.Local             :  - structurizr.debug: false
2026-05-29T21:17:32.351Z  INFO 1 --- [main] com.structurizr.server.Local             :  - structurizr.editable: true
2026-05-29T21:17:32.352Z  INFO 1 --- [main] com.structurizr.server.Local             :  - structurizr.logging.filename: /usr/local/structurizr/.structurizr/logs/structurizr.log
2026-05-29T21:17:32.354Z  INFO 1 --- [main] com.structurizr.server.Local             :  - structurizr.network.timeout: 60000
2026-05-29T21:17:32.354Z  INFO 1 --- [main] com.structurizr.server.Local             :  - structurizr.network.urls.allowed: .*
2026-05-29T21:17:32.358Z  INFO 1 --- [main] com.structurizr.server.Local             :  - structurizr.search: lucene
2026-05-29T21:17:32.358Z  INFO 1 --- [main] com.structurizr.server.Local             :  - structurizr.themes: /usr/local/structurizr/themes/
2026-05-29T21:17:32.359Z  INFO 1 --- [main] com.structurizr.server.Local             :  - structurizr.workspace.maxsize: 1MB
2026-05-29T21:17:32.359Z  INFO 1 --- [main] com.structurizr.server.Local             :  - structurizr.workspace.threads: 10
2026-05-29T21:17:32.359Z  INFO 1 --- [main] com.structurizr.server.Local             :  - structurizr.workspaces: 1
2026-05-29T21:17:32.359Z  INFO 1 --- [main] com.structurizr.server.Local             : ***********************************************************************************
2026-05-29T21:17:32.359Z  INFO 1 --- [main] com.structurizr.server.Local             : Themes:
2026-05-29T21:17:32.362Z  INFO 1 --- [main] com.structurizr.server.Local             : ***********************************************************************************
2026-05-29T21:52:06.127Z  INFO 1 --- [SpringApplicationShutdownHook] com.structurizr.server.AbstractServer    : ********************************************************
2026-05-29T21:52:06.127Z  INFO 1 --- [SpringApplicationShutdownHook] com.structurizr.server.AbstractServer    :  Stopping Structurizr
2026-05-29T21:52:06.127Z  INFO 1 --- [SpringApplicationShutdownHook] com.structurizr.server.AbstractServer    : ********************************************************
2026-05-29T21:56:37.402Z  INFO 1 --- [main] com.structurizr.server.Local             : ***********************************************************************************
2026-05-29T21:56:37.407Z  INFO 1 --- [main] com.structurizr.server.Local             :   _____ _                   _              _          
2026-05-29T21:56:37.408Z  INFO 1 --- [main] com.structurizr.server.Local             :  / ____| |                 | |            (_)         
2026-05-29T21:56:37.408Z  INFO 1 --- [main] com.structurizr.server.Local             : | (___ | |_ _ __ _   _  ___| |_ _   _ _ __ _ _____ __ 
2026-05-29T21:56:37.408Z  INFO 1 --- [main] com.structurizr.server.Local             :  \___ \| __| '__| | | |/ __| __| | | | '__| |_  / '__|
2026-05-29T21:56:37.408Z  INFO 1 --- [main] com.structurizr.server.Local             :  ____) | |_| |  | |_| | (__| |_| |_| | |  | |/ /| |   
2026-05-29T21:56:37.408Z  INFO 1 --- [main] com.structurizr.server.Local             : |_____/ \__|_|   \__,_|\___|\__|\__,_|_|  |_/___|_|   
2026-05-29T21:56:37.408Z  INFO 1 --- [main] com.structurizr.server.Local             :                                                       
2026-05-29T21:56:37.409Z  INFO 1 --- [main] com.structurizr.server.Local             : Local v2026.05.22
2026-05-29T21:56:37.410Z  INFO 1 --- [main] com.structurizr.server.Local             : ***********************************************************************************
2026-05-29T21:56:37.411Z  INFO 1 --- [main] com.structurizr.server.Local             :  - structurizr.authentication: none
2026-05-29T21:56:37.412Z  INFO 1 --- [main] com.structurizr.server.Local             :  - structurizr.autorefreshinterval: 0
2026-05-29T21:56:37.412Z  INFO 1 --- [main] com.structurizr.server.Local             :  - structurizr.autosaveinterval: 5000
2026-05-29T21:56:37.412Z  INFO 1 --- [main] com.structurizr.server.Local             :  - structurizr.cache: none
2026-05-29T21:56:37.413Z  INFO 1 --- [main] com.structurizr.server.Local             :  - structurizr.data: file
2026-05-29T21:56:37.414Z  INFO 1 --- [main] com.structurizr.server.Local             :  - structurizr.datadirectory: /usr/local/structurizr
2026-05-29T21:56:37.414Z  INFO 1 --- [main] com.structurizr.server.Local             :  - structurizr.debug: false
2026-05-29T21:56:37.414Z  INFO 1 --- [main] com.structurizr.server.Local             :  - structurizr.editable: true
2026-05-29T21:56:37.415Z  INFO 1 --- [main] com.structurizr.server.Local             :  - structurizr.logging.filename: /usr/local/structurizr/.structurizr/logs/structurizr.log
2026-05-29T21:56:37.415Z  INFO 1 --- [main] com.structurizr.server.Local             :  - structurizr.network.timeout: 60000
2026-05-29T21:56:37.416Z  INFO 1 --- [main] com.structurizr.server.Local             :  - structurizr.network.urls.allowed: .*
2026-05-29T21:56:37.416Z  INFO 1 --- [main] com.structurizr.server.Local             :  - structurizr.search: lucene
2026-05-29T21:56:37.417Z  INFO 1 --- [main] com.structurizr.server.Local             :  - structurizr.themes: /usr/local/structurizr/themes/
2026-05-29T21:56:37.418Z  INFO 1 --- [main] com.structurizr.server.Local             :  - structurizr.workspace.maxsize: 1MB
2026-05-29T21:56:37.418Z  INFO 1 --- [main] com.structurizr.server.Local             :  - structurizr.workspace.threads: 10
2026-05-29T21:56:37.419Z  INFO 1 --- [main] com.structurizr.server.Local             :  - structurizr.workspaces: 1
2026-05-29T21:56:37.420Z  INFO 1 --- [main] com.structurizr.server.Local             : ***********************************************************************************
2026-05-29T21:56:37.420Z  INFO 1 --- [main] com.structurizr.server.Local             : Themes:
2026-05-29T21:56:37.421Z  INFO 1 --- [main] com.structurizr.server.Local             : ***********************************************************************************
2026-05-29T22:21:25.719Z  INFO 1 --- [SpringApplicationShutdownHook] com.structurizr.server.AbstractServer    : ********************************************************
2026-05-29T22:21:25.719Z  INFO 1 --- [SpringApplicationShutdownHook] com.structurizr.server.AbstractServer    :  Stopping Structurizr
2026-05-29T22:21:25.719Z  INFO 1 --- [SpringApplicationShutdownHook] com.structurizr.server.AbstractServer    : ********************************************************
